2015-06-19 07:56:23 Error: [MissingControllerException] Controller class SwtempController could not be found.
Exception Attributes: array (
  'class' => 'SwtempController',
  'plugin' => NULL,
)
Request URL: /swtemp/
Stack Trace:
#0 /home/creativegeek/Workspaces/swtemp/app/webroot/index.php(118): Dispatcher->dispatch(Object(CakeRequest), Object(CakeResponse))
#1 {main}
2015-06-19 08:02:29 Error: [MissingControllerException] Controller class SwtempController could not be found.
Exception Attributes: array (
  'class' => 'SwtempController',
  'plugin' => NULL,
)
Request URL: /swtemp/
Stack Trace:
#0 /home/creativegeek/Workspaces/swtemp/app/webroot/index.php(118): Dispatcher->dispatch(Object(CakeRequest), Object(CakeResponse))
#1 {main}
2015-06-19 08:18:21 Error: Fatal Error (1): Call to a member function allow() on a non-object in [/home/creativegeek/Workspaces/swtemp/app/Controller/AppController.php, line 38]
2015-06-19 08:18:21 Error: [FatalErrorException] Call to a member function allow() on a non-object
Request URL: /users/add
Stack Trace:
#0 /home/creativegeek/Workspaces/swtemp/lib/Cake/Error/ErrorHandler.php(213): ErrorHandler::handleFatalError(1, 'Call to a membe...', '/home/creativeg...', 38)
#1 [internal function]: ErrorHandler::handleError(1, 'Call to a membe...', '/home/creativeg...', 38, Array)
#2 /home/creativegeek/Workspaces/swtemp/lib/Cake/Core/App.php(931): call_user_func('ErrorHandler::h...', 1, 'Call to a membe...', '/home/creativeg...', 38, Array)
#3 /home/creativegeek/Workspaces/swtemp/lib/Cake/Core/App.php(904): App::_checkFatalError()
#4 [internal function]: App::shutdown()
#5 {main}
2015-06-19 08:20:19 Error: [MissingActionException] Action UsersController::login() could not be found.
Exception Attributes: array (
  'controller' => 'UsersController',
  'action' => 'login',
)
Request URL: /users/login
Stack Trace:
#0 /home/creativegeek/Workspaces/swtemp/lib/Cake/Routing/Dispatcher.php(193): Controller->invokeAction(Object(CakeRequest))
#1 /home/creativegeek/Workspaces/swtemp/lib/Cake/Routing/Dispatcher.php(167): Dispatcher->_invoke(Object(UsersController), Object(CakeRequest))
#2 /home/creativegeek/Workspaces/swtemp/app/webroot/index.php(118): Dispatcher->dispatch(Object(CakeRequest), Object(CakeResponse))
#3 {main}
2015-06-19 08:23:22 Error: [MissingActionException] Action UsersController::login() could not be found.
Exception Attributes: array (
  'controller' => 'UsersController',
  'action' => 'login',
)
Request URL: /users/login
Stack Trace:
#0 /home/creativegeek/Workspaces/swtemp/lib/Cake/Routing/Dispatcher.php(193): Controller->invokeAction(Object(CakeRequest))
#1 /home/creativegeek/Workspaces/swtemp/lib/Cake/Routing/Dispatcher.php(167): Dispatcher->_invoke(Object(UsersController), Object(CakeRequest))
#2 /home/creativegeek/Workspaces/swtemp/app/webroot/index.php(118): Dispatcher->dispatch(Object(CakeRequest), Object(CakeResponse))
#3 {main}
2015-06-19 08:38:22 Error: [MissingControllerException] Controller class TempController could not be found.
Exception Attributes: array (
  'class' => 'TempController',
  'plugin' => NULL,
)
Request URL: /temp/cakewithauth/
Stack Trace:
#0 /home/creativegeek/Workspaces/swtemp/app/webroot/index.php(118): Dispatcher->dispatch(Object(CakeRequest), Object(CakeResponse))
#1 {main}
2015-06-19 08:39:36 Error: [MissingControllerException] Controller class TempController could not be found.
Exception Attributes: array (
  'class' => 'TempController',
  'plugin' => NULL,
)
Request URL: /temp/cakewithauth/
Stack Trace:
#0 /home/creativegeek/Workspaces/swtemp/app/webroot/index.php(118): Dispatcher->dispatch(Object(CakeRequest), Object(CakeResponse))
#1 {main}
2015-06-19 08:40:18 Error: [MissingActionException] Action AppController::webroot() could not be found.
Exception Attributes: array (
  'controller' => 'AppController',
  'action' => 'webroot',
)
Request URL: /app/webroot/temp/cakewithauth/favicon.ico
Stack Trace:
#0 /home/creativegeek/Workspaces/swtemp/lib/Cake/Routing/Dispatcher.php(193): Controller->invokeAction(Object(CakeRequest))
#1 /home/creativegeek/Workspaces/swtemp/lib/Cake/Routing/Dispatcher.php(167): Dispatcher->_invoke(Object(AppController), Object(CakeRequest))
#2 /home/creativegeek/Workspaces/swtemp/app/webroot/index.php(118): Dispatcher->dispatch(Object(CakeRequest), Object(CakeResponse))
#3 {main}
